0 info it worked if it ends with ok
1 verbose cli [ '/home/ubuntu/.nvm/versions/node/v4.4.5/bin/node',
1 verbose cli   '/home/ubuntu/.nvm/versions/node/v4.4.5/bin/npm',
1 verbose cli   'run',
1 verbose cli   'fmt' ]
2 info using npm@2.15.5
3 info using node@v4.4.5
4 verbose run-script [ 'prefmt', 'fmt', 'postfmt' ]
5 info prefmt MorNetwork@1.0.0
6 info fmt MorNetwork@1.0.0
7 verbose unsafe-perm in lifecycle true
8 info MorNetwork@1.0.0 Failed to exec fmt script
9 verbose stack Error: MorNetwork@1.0.0 fmt: `for f in `find src -name '*.js'`; do ./node_modules/js-beautify/js/bin/js-beautify.js --type js -r -n -e "\n" $f; done`
9 verbose stack spawn ENOENT
9 verbose stack     at ChildProcess.<anonymous> (/home/ubuntu/.nvm/versions/node/v4.4.5/lib/node_modules/npm/lib/utils/spawn.js:17:16)
9 verbose stack     at emitTwo (events.js:87:13)
9 verbose stack     at ChildProcess.emit (events.js:172:7)
9 verbose stack     at maybeClose (internal/child_process.js:827:16)
9 verbose stack     at Process.ChildProcess._handle.onexit (internal/child_process.js:211:5)
10 verbose pkgid MorNetwork@1.0.0
11 verbose cwd /home/ubuntu/MorNetwork
12 error Linux 4.2.0-c9
13 error argv "/home/ubuntu/.nvm/versions/node/v4.4.5/bin/node" "/home/ubuntu/.nvm/versions/node/v4.4.5/bin/npm" "run" "fmt"
14 error node v4.4.5
15 error npm  v2.15.5
16 error file sh
17 error code ELIFECYCLE
18 error errno ENOENT
19 error syscall spawn
20 error MorNetwork@1.0.0 fmt: `for f in `find src -name '*.js'`; do ./node_modules/js-beautify/js/bin/js-beautify.js --type js -r -n -e "\n" $f; done`
20 error spawn ENOENT
21 error Failed at the MorNetwork@1.0.0 fmt script 'for f in `find src -name '*.js'`; do ./node_modules/js-beautify/js/bin/js-beautify.js --type js -r -n -e "\n" $f; done'.
21 error This is most likely a problem with the MorNetwork package,
21 error not with npm itself.
21 error Tell the author that this fails on your system:
21 error     for f in `find src -name '*.js'`; do ./node_modules/js-beautify/js/bin/js-beautify.js --type js -r -n -e "\n" $f; done
21 error You can get information on how to open an issue for this project with:
21 error     npm bugs MorNetwork
21 error Or if that isn't available, you can get their info via:
21 error
21 error     npm owner ls MorNetwork
21 error There is likely additional logging output above.
22 verbose exit [ 1, true ]
